c:\users\laia gasparin\documents\working_documents\ntagi2c\15-10-28 ntag explorer kit release\15-10-28 windows app\15-10-28 windows app\source code\ntag_i2c_demo_project_lg\ntag_i2c_demo\release\ntag_i2c_demo.pch
c:\users\laia gasparin\documents\working_documents\ntagi2c\15-10-28 ntag explorer kit release\15-10-28 windows app\15-10-28 windows app\source code\ntag_i2c_demo_project_lg\ntag_i2c_demo\release\vc120.pdb
c:\users\laia gasparin\documents\working_documents\ntagi2c\15-10-28 ntag explorer kit release\15-10-28 windows app\15-10-28 windows app\source code\ntag_i2c_demo_project_lg\ntag_i2c_demo\release\stdafx.obj
c:\users\laia gasparin\documents\working_documents\ntagi2c\15-10-28 ntag explorer kit release\15-10-28 windows app\15-10-28 windows app\source code\ntag_i2c_demo_project_lg\ntag_i2c_demo\release\utils.obj
c:\users\laia gasparin\documents\working_documents\ntagi2c\15-10-28 ntag explorer kit release\15-10-28 windows app\15-10-28 windows app\source code\ntag_i2c_demo_project_lg\ntag_i2c_demo\release\uri.obj
c:\users\laia gasparin\documents\working_documents\ntagi2c\15-10-28 ntag explorer kit release\15-10-28 windows app\15-10-28 windows app\source code\ntag_i2c_demo_project_lg\ntag_i2c_demo\release\sram.obj
c:\users\laia gasparin\documents\working_documents\ntagi2c\15-10-28 ntag explorer kit release\15-10-28 windows app\15-10-28 windows app\source code\ntag_i2c_demo_project_lg\ntag_i2c_demo\release\registers.obj
c:\users\laia gasparin\documents\working_documents\ntagi2c\15-10-28 ntag explorer kit release\15-10-28 windows app\15-10-28 windows app\source code\ntag_i2c_demo_project_lg\ntag_i2c_demo\release\reader.obj
c:\users\laia gasparin\documents\working_documents\ntagi2c\15-10-28 ntag explorer kit release\15-10-28 windows app\15-10-28 windows app\source code\ntag_i2c_demo_project_lg\ntag_i2c_demo\release\ntag_i2c_logic.obj
c:\users\laia gasparin\documents\working_documents\ntagi2c\15-10-28 ntag explorer kit release\15-10-28 windows app\15-10-28 windows app\source code\ntag_i2c_demo_project_lg\ntag_i2c_demo\release\ntag_i2c_demo.obj
c:\users\laia gasparin\documents\working_documents\ntagi2c\15-10-28 ntag explorer kit release\15-10-28 windows app\15-10-28 windows app\source code\ntag_i2c_demo_project_lg\ntag_i2c_demo\release\ndefrecord.obj
c:\users\laia gasparin\documents\working_documents\ntagi2c\15-10-28 ntag explorer kit release\15-10-28 windows app\15-10-28 windows app\source code\ntag_i2c_demo_project_lg\ntag_i2c_demo\release\ndefmsg.obj
c:\users\laia gasparin\documents\working_documents\ntagi2c\15-10-28 ntag explorer kit release\15-10-28 windows app\15-10-28 windows app\source code\ntag_i2c_demo_project_lg\ntag_i2c_demo\release\eeprom.obj
c:\users\laia gasparin\documents\working_documents\ntagi2c\15-10-28 ntag explorer kit release\15-10-28 windows app\15-10-28 windows app\source code\ntag_i2c_demo_project_lg\ntag_i2c_demo\release\boarddemo.obj
c:\users\laia gasparin\documents\working_documents\ntagi2c\15-10-28 ntag explorer kit release\15-10-28 windows app\15-10-28 windows app\source code\ntag_i2c_demo_project_lg\ntag_i2c_demo\release\ntag_i2c_rf.obj
c:\users\laia gasparin\documents\working_documents\ntagi2c\15-10-28 ntag explorer kit release\15-10-28 windows app\15-10-28 windows app\source code\ntag_i2c_demo_project_lg\ntag_i2c_demo\release\ntag_i2c_api.obj
c:\users\laia gasparin\documents\working_documents\ntagi2c\15-10-28 ntag explorer kit release\15-10-28 windows app\15-10-28 windows app\source code\ntag_i2c_demo_project_lg\ntag_i2c_demo\release\crc32.obj
c:\users\laia gasparin\documents\working_documents\ntagi2c\15-10-28 ntag explorer kit release\15-10-28 windows app\15-10-28 windows app\source code\ntag_i2c_demo_project_lg\ntag_i2c_demo\release\assemblyinfo.obj
c:\users\laia gasparin\documents\working_documents\ntagi2c\15-10-28 ntag explorer kit release\15-10-28 windows app\15-10-28 windows app\source code\ntag_i2c_demo_project_lg\ntag_i2c_demo\release\.netframework,version=v4.0.assemblyattributes.obj
c:\users\laia gasparin\documents\working_documents\ntagi2c\15-10-28 ntag explorer kit release\15-10-28 windows app\15-10-28 windows app\source code\ntag_i2c_demo_project_lg\ntag_i2c_demo\release\config.obj
c:\users\laia gasparin\documents\working_documents\ntagi2c\15-10-28 ntag explorer kit release\15-10-28 windows app\15-10-28 windows app\source code\ntag_i2c_demo_project_lg\release\ntag_i2c_demo.exe
c:\users\laia gasparin\documents\working_documents\ntagi2c\15-10-28 ntag explorer kit release\15-10-28 windows app\15-10-28 windows app\source code\ntag_i2c_demo_project_lg\release\ntag_i2c_demo.pdb
c:\users\laia gasparin\documents\working_documents\ntagi2c\15-10-28 ntag explorer kit release\15-10-28 windows app\15-10-28 windows app\source code\ntag_i2c_demo_project_lg\ntag_i2c_demo\release\ntag_i2c_demo.configregform.resources
c:\users\laia gasparin\documents\working_documents\ntagi2c\15-10-28 ntag explorer kit release\15-10-28 windows app\15-10-28 windows app\source code\ntag_i2c_demo_project_lg\ntag_i2c_demo\release\ntag_i2c_demo.eepromspeedform.resources
c:\users\laia gasparin\documents\working_documents\ntagi2c\15-10-28 ntag explorer kit release\15-10-28 windows app\15-10-28 windows app\source code\ntag_i2c_demo_project_lg\ntag_i2c_demo\release\ntag_i2c_demo.form1.resources
c:\users\laia gasparin\documents\working_documents\ntagi2c\15-10-28 ntag explorer kit release\15-10-28 windows app\15-10-28 windows app\source code\ntag_i2c_demo_project_lg\ntag_i2c_demo\release\ntag_i2c_demo.readmemform.resources
c:\users\laia gasparin\documents\working_documents\ntagi2c\15-10-28 ntag explorer kit release\15-10-28 windows app\15-10-28 windows app\source code\ntag_i2c_demo_project_lg\ntag_i2c_demo\release\ntag_i2c_demo.sessionregform.resources
c:\users\laia gasparin\documents\working_documents\ntagi2c\15-10-28 ntag explorer kit release\15-10-28 windows app\15-10-28 windows app\source code\ntag_i2c_demo_project_lg\ntag_i2c_demo\release\ntag_i2c_demo.taptagform.resources
c:\users\laia gasparin\documents\working_documents\ntagi2c\15-10-28 ntag explorer kit release\15-10-28 windows app\15-10-28 windows app\source code\ntag_i2c_demo_project_lg\ntag_i2c_demo\release\app.res
c:\users\laia gasparin\documents\working_documents\ntagi2c\15-10-28 ntag explorer kit release\15-10-28 windows app\15-10-28 windows app\source code\ntag_i2c_demo_project_lg\ntag_i2c_demo\release\vs_version_info.res
c:\users\laia gasparin\documents\working_documents\ntagi2c\15-10-28 ntag explorer kit release\15-10-28 windows app\15-10-28 windows app\source code\ntag_i2c_demo_project_lg\ntag_i2c_demo\release\ntag_i2c_demo.vcxproj.generateresource.cache
c:\users\laia gasparin\documents\working_documents\ntagi2c\15-10-28 ntag explorer kit release\15-10-28 windows app\15-10-28 windows app\source code\ntag_i2c_demo_project_lg\ntag_i2c_demo\release\ntag_i2c_demo.vcxprojresolveassemblyreference.cache
c:\users\laia gasparin\documents\working_documents\ntagi2c\15-10-28 ntag explorer kit release\15-10-28 windows app\15-10-28 windows app\source code\ntag_i2c_demo_project_lg\ntag_i2c_demo\release\ntag_i2c_demo.tlog\cl.command.1.tlog
c:\users\laia gasparin\documents\working_documents\ntagi2c\15-10-28 ntag explorer kit release\15-10-28 windows app\15-10-28 windows app\source code\ntag_i2c_demo_project_lg\ntag_i2c_demo\release\ntag_i2c_demo.tlog\cl.read.1.tlog
c:\users\laia gasparin\documents\working_documents\ntagi2c\15-10-28 ntag explorer kit release\15-10-28 windows app\15-10-28 windows app\source code\ntag_i2c_demo_project_lg\ntag_i2c_demo\release\ntag_i2c_demo.tlog\cl.write.1.tlog
c:\users\laia gasparin\documents\working_documents\ntagi2c\15-10-28 ntag explorer kit release\15-10-28 windows app\15-10-28 windows app\source code\ntag_i2c_demo_project_lg\ntag_i2c_demo\release\ntag_i2c_demo.tlog\link-cvtres.read.1.tlog
c:\users\laia gasparin\documents\working_documents\ntagi2c\15-10-28 ntag explorer kit release\15-10-28 windows app\15-10-28 windows app\source code\ntag_i2c_demo_project_lg\ntag_i2c_demo\release\ntag_i2c_demo.tlog\link-cvtres.write.1.tlog
c:\users\laia gasparin\documents\working_documents\ntagi2c\15-10-28 ntag explorer kit release\15-10-28 windows app\15-10-28 windows app\source code\ntag_i2c_demo_project_lg\ntag_i2c_demo\release\ntag_i2c_demo.tlog\link-rc.read.1.tlog
c:\users\laia gasparin\documents\working_documents\ntagi2c\15-10-28 ntag explorer kit release\15-10-28 windows app\15-10-28 windows app\source code\ntag_i2c_demo_project_lg\ntag_i2c_demo\release\ntag_i2c_demo.tlog\link-rc.write.1.tlog
c:\users\laia gasparin\documents\working_documents\ntagi2c\15-10-28 ntag explorer kit release\15-10-28 windows app\15-10-28 windows app\source code\ntag_i2c_demo_project_lg\ntag_i2c_demo\release\ntag_i2c_demo.tlog\link.command.1.tlog
c:\users\laia gasparin\documents\working_documents\ntagi2c\15-10-28 ntag explorer kit release\15-10-28 windows app\15-10-28 windows app\source code\ntag_i2c_demo_project_lg\ntag_i2c_demo\release\ntag_i2c_demo.tlog\link.read.1.tlog
c:\users\laia gasparin\documents\working_documents\ntagi2c\15-10-28 ntag explorer kit release\15-10-28 windows app\15-10-28 windows app\source code\ntag_i2c_demo_project_lg\ntag_i2c_demo\release\ntag_i2c_demo.tlog\link.write.1.tlog
c:\users\laia gasparin\documents\working_documents\ntagi2c\15-10-28 ntag explorer kit release\15-10-28 windows app\15-10-28 windows app\source code\ntag_i2c_demo_project_lg\ntag_i2c_demo\release\ntag_i2c_demo.tlog\metagen.read.1.tlog
c:\users\laia gasparin\documents\working_documents\ntagi2c\15-10-28 ntag explorer kit release\15-10-28 windows app\15-10-28 windows app\source code\ntag_i2c_demo_project_lg\ntag_i2c_demo\release\ntag_i2c_demo.tlog\metagen.write.1.tlog
c:\users\laia gasparin\documents\working_documents\ntagi2c\15-10-28 ntag explorer kit release\15-10-28 windows app\15-10-28 windows app\source code\ntag_i2c_demo_project_lg\ntag_i2c_demo\release\ntag_i2c_demo.tlog\ntag_i2c_demo.write.1u.tlog
c:\users\laia gasparin\documents\working_documents\ntagi2c\15-10-28 ntag explorer kit release\15-10-28 windows app\15-10-28 windows app\source code\ntag_i2c_demo_project_lg\ntag_i2c_demo\release\ntag_i2c_demo.tlog\rc.command.1.tlog
c:\users\laia gasparin\documents\working_documents\ntagi2c\15-10-28 ntag explorer kit release\15-10-28 windows app\15-10-28 windows app\source code\ntag_i2c_demo_project_lg\ntag_i2c_demo\release\ntag_i2c_demo.tlog\rc.read.1.tlog
c:\users\laia gasparin\documents\working_documents\ntagi2c\15-10-28 ntag explorer kit release\15-10-28 windows app\15-10-28 windows app\source code\ntag_i2c_demo_project_lg\ntag_i2c_demo\release\ntag_i2c_demo.tlog\rc.write.1.tlog
c:\users\laia gasparin\documents\working_documents\ntagi2c\15-10-28 ntag explorer kit release\15-10-28 windows app\15-10-28 windows app\source code\ntag_i2c_demo_project_lg\ntag_i2c_demo\release\ntag_i2c_demo.tlog\rsaenh.dll.bi
c:\users\laia gasparin\documents\working_documents\ntagi2c\15-10-28 ntag explorer kit release\15-10-28 windows app\15-10-28 windows app\source code\ntag_i2c_demo_project_lg\ntag_i2c_demo\release\ntag_i2c_demo.tlog\tzres.dll.bi
